Using pre-set license
Built from '2020.2/release' branch; Version is '2020.2.2f1 (068178b99f32) revision 426360'; Using compiler version '192528614'; Build Type 'Release'
OS: 'Windows 10 Pro; OS build 18363.1316; Version 1909; 64bit' Language: 'en' Physical Memory: 20412 MB
BatchMode: 1, IsHumanControllingUs: 0, StartBugReporterOnCrash: 0, Is64bit: 1, IsPro: 0

 COMMAND LINE ARGUMENTS:
E:\Unity\2020.2.2f1\Editor\Unity.exe
-adb2
-batchMode
-noUpm
-name
AssetImportWorker0
-projectPath
C:/Users/Edvin/Desktop/Mini Golf/mega-golf-josh-ed-and-ryan/MegaGolf
-logFile
Logs/AssetImportWorker0.log
-srvPort
52871
Successfully changed project path to: C:/Users/Edvin/Desktop/Mini Golf/mega-golf-josh-ed-and-ryan/MegaGolf
C:/Users/Edvin/Desktop/Mini Golf/mega-golf-josh-ed-and-ryan/MegaGolf
Using Asset Import Pipeline V2.
Refreshing native plugins compatible for Editor in 23.70 ms, found 0 plugins.
Preloading 0 native plugins for Editor in 0.00 ms.
Initialize engine version: 2020.2.2f1 (068178b99f32)
[Subsystems] Discovering subsystems at path E:/Unity/2020.2.2f1/Editor/Data/Resources/UnitySubsystems
[Subsystems] Discovering subsystems at path C:/Users/Edvin/Desktop/Mini Golf/mega-golf-josh-ed-and-ryan/MegaGolf/Assets
GfxDevice: creating device client; threaded=0
Direct3D:
    Version:  Direct3D 11.0 [level 11.1]
    Renderer: NVIDIA GeForce GTX 1060 6GB (ID=0x1c03)
    Vendor:   
    VRAM:     6052 MB
    Driver:   27.21.14.6109
Initialize mono
Mono path[0] = 'E:/Unity/2020.2.2f1/Editor/Data/Managed'
Mono path[1] = 'E:/Unity/2020.2.2f1/Editor/Data/MonoBleedingEdge/lib/mono/unityjit'
Mono config path = 'E:/Unity/2020.2.2f1/Editor/Data/MonoBleedingEdge/etc'
Using monoOptions --debugger-agent=transport=dt_socket,embedding=1,server=y,suspend=n,address=127.0.0.1:56996
Begin MonoManager ReloadAssembly
Registering precompiled unity dll's ...
Register platform support module: E:/Unity/2020.2.2f1/Editor/Data/PlaybackEngines/WindowsStandaloneSupport/UnityEditor.WindowsStandalone.Extensions.dll
Registered in 0.001268 seconds.
Native extension for WindowsStandalone target not found
Refreshing native plugins compatible for Editor in 23.35 ms, found 0 plugins.
Preloading 0 native plugins for Editor in 0.00 ms.
Invoked RoslynAnalysisRunner static constructor.
RoslynAnalysisRunner will not be running.
RoslynAnalysisRunner has terminated.
Mono: successfully reloaded assembly
- Completed reload, in  1.391 seconds
Platform modules already initialized, skipping
Registering precompiled user dll's ...
Registered in 0.000858 seconds.
Begin MonoManager ReloadAssembly
Native extension for WindowsStandalone target not found
Refreshing native plugins compatible for Editor in 0.22 ms, found 0 plugins.
Preloading 0 native plugins for Editor in 0.00 ms.
Invoked RoslynAnalysisRunner static constructor.
RoslynAnalysisRunner will not be running.
RoslynAnalysisRunner has terminated.
Mono: successfully reloaded assembly
- Completed reload, in  0.820 seconds
Platform modules already initialized, skipping
========================================================================
Worker process is ready to serve import requests
Launched and connected shader compiler UnityShaderCompiler.exe after 0.08 seconds
Refreshing native plugins compatible for Editor in 0.33 ms, found 0 plugins.
Preloading 0 native plugins for Editor in 0.00 ms.
Unloading 1114 Unused Serialized files (Serialized files now loaded: 0)
System memory in use before: 58.4 MB.
System memory in use after: 58.4 MB.

Unloading 9 unused Assets to reduce memory usage. Loaded Objects now: 1556.
Total: 2.876800 ms (FindLiveObjects: 0.162500 ms CreateObjectMapping: 0.066100 ms MarkObjects: 2.548900 ms  DeleteObjects: 0.097900 ms)

========================================================================
Received Import Request.
  path: Assets/Materials/Ground.mat
  artifactKey: Guid(0114f55affb3fb64ba2d96f866085949) Importer(815301076,1909f56bfc062723c751e8b465ee728b)
Start importing Assets/Materials/Ground.mat using Guid(0114f55affb3fb64ba2d96f866085949) Importer(815301076,1909f56bfc062723c751e8b465ee728b)  -> (artifact id: '5d769f9a04faf58613c17d2210320870') in 0.474328 seconds
  Import took 0.476283 seconds .

========================================================================
Received Import Request.
  Time since last request: 0.000295 seconds.
  path: Assets/Materials/Walls.mat
  artifactKey: Guid(19542422fa2fd504eae60e8ddd77a77b) Importer(815301076,1909f56bfc062723c751e8b465ee728b)
Start importing Assets/Materials/Walls.mat using Guid(19542422fa2fd504eae60e8ddd77a77b) Importer(815301076,1909f56bfc062723c751e8b465ee728b)  -> (artifact id: '36273dab8c8cad9397577133e59812ef') in 0.009265 seconds
  Import took 0.011160 seconds .

========================================================================
Received Import Request.
  Time since last request: 0.000389 seconds.
  path: Assets/Materials/PhysMat.physicMaterial
  artifactKey: Guid(457c12a99488de6499c0fbf4acfda599) Importer(815301076,1909f56bfc062723c751e8b465ee728b)
Start importing Assets/Materials/PhysMat.physicMaterial using Guid(457c12a99488de6499c0fbf4acfda599) Importer(815301076,1909f56bfc062723c751e8b465ee728b)  -> (artifact id: '9db78294875f92037e906dc0a6e487ca') in 0.006059 seconds
  Import took 0.008214 seconds .

========================================================================
Received Import Request.
  Time since last request: 0.000263 seconds.
  path: Assets/Materials/Ball.mat
  artifactKey: Guid(065b92e6354b43143a32850714abd73e) Importer(815301076,1909f56bfc062723c751e8b465ee728b)
Start importing Assets/Materials/Ball.mat using Guid(065b92e6354b43143a32850714abd73e) Importer(815301076,1909f56bfc062723c751e8b465ee728b)  -> (artifact id: '0fd3171e5f01bf32359748f275c4cc09') in 0.009572 seconds
  Import took 0.012836 seconds .

========================================================================
Received Import Request.
  Time since last request: 150.453397 seconds.
  path: Assets/Prefabs/Ball.prefab
  artifactKey: Guid(7ad5104717f9c8f44b63ccd78c2298b5) Importer(815301076,1909f56bfc062723c751e8b465ee728b)
Start importing Assets/Prefabs/Ball.prefab using Guid(7ad5104717f9c8f44b63ccd78c2298b5) Importer(815301076,1909f56bfc062723c751e8b465ee728b)  -> (artifact id: 'b178cde59b5ada3777546ebe535c4c35') in 0.020754 seconds
  Import took 0.023389 seconds .

========================================================================
Received Import Request.
  Time since last request: 0.000343 seconds.
  path: Assets/Prefabs/ShotsUI.prefab
  artifactKey: Guid(ded1d1bec499e79469e9ccdb57d3be88) Importer(815301076,1909f56bfc062723c751e8b465ee728b)
Start importing Assets/Prefabs/ShotsUI.prefab using Guid(ded1d1bec499e79469e9ccdb57d3be88) Importer(815301076,1909f56bfc062723c751e8b465ee728b)  -> (artifact id: '501a71680c7dbdcd662fe2d28ed16b25') in 0.058594 seconds
  Import took 0.060582 seconds .

========================================================================
Received Import Request.
  Time since last request: 0.000257 seconds.
  path: Assets/Prefabs/HoleTarget.prefab
  artifactKey: Guid(18e9aa23f951cd34dbd64dcf08d3cfc1) Importer(815301076,1909f56bfc062723c751e8b465ee728b)
Start importing Assets/Prefabs/HoleTarget.prefab using Guid(18e9aa23f951cd34dbd64dcf08d3cfc1) Importer(815301076,1909f56bfc062723c751e8b465ee728b)  -> (artifact id: 'b1d897f3ca4ed49e4105db6f31be5fff') in 0.010267 seconds
  Import took 0.012338 seconds .

========================================================================
Received Import Request.
  Time since last request: 0.000306 seconds.
  path: Assets/Prefabs/Main Camera.prefab
  artifactKey: Guid(4e48ba1a3ec5ef64facbf31b16fa8e01) Importer(815301076,1909f56bfc062723c751e8b465ee728b)
Start importing Assets/Prefabs/Main Camera.prefab using Guid(4e48ba1a3ec5ef64facbf31b16fa8e01) Importer(815301076,1909f56bfc062723c751e8b465ee728b)  -> (artifact id: '618babeb9ea5ddaf51170b1f7d097b79') in 0.004849 seconds
  Import took 0.006852 seconds .

========================================================================
Received Prepare
Registering precompiled user dll's ...
Registered in 0.000808 seconds.
Begin MonoManager ReloadAssembly
Native extension for WindowsStandalone target not found
Refreshing native plugins compatible for Editor in 0.19 ms, found 0 plugins.
Preloading 0 native plugins for Editor in 0.00 ms.
Invoked RoslynAnalysisRunner static constructor.
RoslynAnalysisRunner will not be running.
RoslynAnalysisRunner has terminated.
Mono: successfully reloaded assembly
- Completed reload, in  0.716 seconds
Platform modules already initialized, skipping
Refreshing native plugins compatible for Editor in 0.18 ms, found 0 plugins.
Preloading 0 native plugins for Editor in 0.00 ms.
Unloading 1095 Unused Serialized files (Serialized files now loaded: 0)
System memory in use before: 61.2 MB.
System memory in use after: 61.3 MB.

Unloading 5 unused Assets to reduce memory usage. Loaded Objects now: 1600.
Total: 1.637500 ms (FindLiveObjects: 0.120600 ms CreateObjectMapping: 0.034200 ms MarkObjects: 1.463200 ms  DeleteObjects: 0.018400 ms)

========================================================================
Received Prepare
Registering precompiled user dll's ...
Registered in 0.000828 seconds.
Begin MonoManager ReloadAssembly
Native extension for WindowsStandalone target not found
Refreshing native plugins compatible for Editor in 0.19 ms, found 0 plugins.
Preloading 0 native plugins for Editor in 0.00 ms.
Invoked RoslynAnalysisRunner static constructor.
RoslynAnalysisRunner will not be running.
RoslynAnalysisRunner has terminated.
Mono: successfully reloaded assembly
- Completed reload, in  0.678 seconds
Platform modules already initialized, skipping
Refreshing native plugins compatible for Editor in 0.19 ms, found 0 plugins.
Preloading 0 native plugins for Editor in 0.00 ms.
Unloading 1095 Unused Serialized files (Serialized files now loaded: 0)
System memory in use before: 61.3 MB.
System memory in use after: 61.4 MB.

Unloading 4 unused Assets to reduce memory usage. Loaded Objects now: 1602.
Total: 1.608100 ms (FindLiveObjects: 0.138600 ms CreateObjectMapping: 0.035700 ms MarkObjects: 1.418000 ms  DeleteObjects: 0.015100 ms)

========================================================================
Received Prepare
Registering precompiled user dll's ...
Registered in 0.000948 seconds.
Begin MonoManager ReloadAssembly
Native extension for WindowsStandalone target not found
Refreshing native plugins compatible for Editor in 0.22 ms, found 0 plugins.
Preloading 0 native plugins for Editor in 0.00 ms.
Invoked RoslynAnalysisRunner static constructor.
RoslynAnalysisRunner will not be running.
RoslynAnalysisRunner has terminated.
Mono: successfully reloaded assembly
- Completed reload, in  0.707 seconds
Platform modules already initialized, skipping
Refreshing native plugins compatible for Editor in 0.32 ms, found 0 plugins.
Preloading 0 native plugins for Editor in 0.00 ms.
Unloading 1095 Unused Serialized files (Serialized files now loaded: 0)
System memory in use before: 61.5 MB.
System memory in use after: 61.6 MB.

Unloading 4 unused Assets to reduce memory usage. Loaded Objects now: 1604.
Total: 11.285900 ms (FindLiveObjects: 0.375600 ms CreateObjectMapping: 1.141200 ms MarkObjects: 9.732700 ms  DeleteObjects: 0.034200 ms)

AssetImportWorkerClient::OnTransportError - code=2 error=End of file
