Using pre-set license
Built from '2020.2/release' branch; Version is '2020.2.2f1 (068178b99f32) revision 426360'; Using compiler version '192528614'; Build Type 'Release'
OS: 'Windows 10 Pro; OS build 18363.1316; Version 1909; 64bit' Language: 'en' Physical Memory: 20412 MB
BatchMode: 1, IsHumanControllingUs: 0, StartBugReporterOnCrash: 0, Is64bit: 1, IsPro: 0

 COMMAND LINE ARGUMENTS:
E:\Unity\2020.2.2f1\Editor\Unity.exe
-adb2
-batchMode
-noUpm
-name
AssetImportWorker0
-projectPath
C:/Users/Edvin/Desktop/Mini Golf/mega-golf-josh-ed-and-ryan/MegaGolf
-logFile
Logs/AssetImportWorker0.log
-srvPort
53066
Successfully changed project path to: C:/Users/Edvin/Desktop/Mini Golf/mega-golf-josh-ed-and-ryan/MegaGolf
C:/Users/Edvin/Desktop/Mini Golf/mega-golf-josh-ed-and-ryan/MegaGolf
Using Asset Import Pipeline V2.
Refreshing native plugins compatible for Editor in 22.85 ms, found 0 plugins.
Preloading 0 native plugins for Editor in 0.00 ms.
Initialize engine version: 2020.2.2f1 (068178b99f32)
[Subsystems] Discovering subsystems at path E:/Unity/2020.2.2f1/Editor/Data/Resources/UnitySubsystems
[Subsystems] Discovering subsystems at path C:/Users/Edvin/Desktop/Mini Golf/mega-golf-josh-ed-and-ryan/MegaGolf/Assets
GfxDevice: creating device client; threaded=0
Direct3D:
    Version:  Direct3D 11.0 [level 11.1]
    Renderer: NVIDIA GeForce GTX 1060 6GB (ID=0x1c03)
    Vendor:   
    VRAM:     6052 MB
    Driver:   27.21.14.6109
Initialize mono
Mono path[0] = 'E:/Unity/2020.2.2f1/Editor/Data/Managed'
Mono path[1] = 'E:/Unity/2020.2.2f1/Editor/Data/MonoBleedingEdge/lib/mono/unityjit'
Mono config path = 'E:/Unity/2020.2.2f1/Editor/Data/MonoBleedingEdge/etc'
Using monoOptions --debugger-agent=transport=dt_socket,embedding=1,server=y,suspend=n,address=127.0.0.1:56672
Begin MonoManager ReloadAssembly
Registering precompiled unity dll's ...
Register platform support module: E:/Unity/2020.2.2f1/Editor/Data/PlaybackEngines/WindowsStandaloneSupport/UnityEditor.WindowsStandalone.Extensions.dll
Registered in 0.001496 seconds.
Native extension for WindowsStandalone target not found
Refreshing native plugins compatible for Editor in 21.56 ms, found 0 plugins.
Preloading 0 native plugins for Editor in 0.00 ms.
Invoked RoslynAnalysisRunner static constructor.
RoslynAnalysisRunner will not be running.
RoslynAnalysisRunner has terminated.
Mono: successfully reloaded assembly
- Completed reload, in  1.272 seconds
Platform modules already initialized, skipping
Registering precompiled user dll's ...
Registered in 0.000797 seconds.
Begin MonoManager ReloadAssembly
Native extension for WindowsStandalone target not found
Refreshing native plugins compatible for Editor in 0.19 ms, found 0 plugins.
Preloading 0 native plugins for Editor in 0.00 ms.
Invoked RoslynAnalysisRunner static constructor.
RoslynAnalysisRunner will not be running.
RoslynAnalysisRunner has terminated.
Mono: successfully reloaded assembly
- Completed reload, in  0.735 seconds
Platform modules already initialized, skipping
========================================================================
Worker process is ready to serve import requests
Launched and connected shader compiler UnityShaderCompiler.exe after 0.07 seconds
Refreshing native plugins compatible for Editor in 0.20 ms, found 0 plugins.
Preloading 0 native plugins for Editor in 0.00 ms.
Unloading 1114 Unused Serialized files (Serialized files now loaded: 0)
System memory in use before: 58.6 MB.
System memory in use after: 58.6 MB.

Unloading 9 unused Assets to reduce memory usage. Loaded Objects now: 1557.
Total: 1.530200 ms (FindLiveObjects: 0.137200 ms CreateObjectMapping: 0.039900 ms MarkObjects: 1.286300 ms  DeleteObjects: 0.065600 ms)

========================================================================
Received Import Request.
  path: Assets/Scenes
  artifactKey: Guid(eb7899dde8f9168489ec293938c1bdc0) Importer(815301076,1909f56bfc062723c751e8b465ee728b)
Start importing Assets/Scenes using Guid(eb7899dde8f9168489ec293938c1bdc0) Importer(815301076,1909f56bfc062723c751e8b465ee728b)  -> (artifact id: 'edd1e44758c0f0b91cae61448eb2dcc9') in 0.003756 seconds
  Import took 0.005491 seconds .

========================================================================
Received Import Request.
  Time since last request: 7.241651 seconds.
  path: Assets/Scenes/Edlvl1.unity
  artifactKey: Guid(d86936ab635cb444f99d81428741dd30) Importer(815301076,1909f56bfc062723c751e8b465ee728b)
Start importing Assets/Scenes/Edlvl1.unity using Guid(d86936ab635cb444f99d81428741dd30) Importer(815301076,1909f56bfc062723c751e8b465ee728b)  -> (artifact id: '78e150bd6d556e3974d8869b22881d26') in 0.009578 seconds
  Import took 0.011474 seconds .

========================================================================
Received Import Request.
  Time since last request: 9.260000 seconds.
  path: Assets/Scenes/Edlvl2.unity
  artifactKey: Guid(c3bb2c20f2787d54ba0a15af49c3a57d) Importer(815301076,1909f56bfc062723c751e8b465ee728b)
Start importing Assets/Scenes/Edlvl2.unity using Guid(c3bb2c20f2787d54ba0a15af49c3a57d) Importer(815301076,1909f56bfc062723c751e8b465ee728b)  -> (artifact id: '56390fdc58a1c6b7968a14c3de297464') in 0.002700 seconds
  Import took 0.004613 seconds .

AssetImportWorkerClient::OnTransportError - code=2 error=End of file
